<?xml version="1.0" encoding="UTF-8"?>
<testng-results skipped="0" failed="0" ignored="0" total="2" passed="2">
  <reporter-output>
  </reporter-output>
  <suite name="Default suite" duration-ms="38304" started-at="2022-03-24T15:49:55 IST" finished-at="2022-03-24T15:50:33 IST">
    <groups>
    </groups>
    <test name="Default test" duration-ms="38304" started-at="2022-03-24T15:49:55 IST" finished-at="2022-03-24T15:50:33 IST">
      <class name="Testing.ParameterBased.DataTest">
        <test-method status="PASS" signature="test(java.lang.String,java.lang.String)[pri:0, instance:Testing.ParameterBased.DataTest@59e5ddf]" name="test" duration-ms="18862" started-at="2022-03-24T15:49:55 IST" data-provider="dp" finished-at="2022-03-24T15:50:13 IST">
          <params>
            <param index="0">
              <value>
                <![CDATA[https://www.google.co.in/]]>
              </value>
            </param>
            <param index="1">
              <value>
                <![CDATA[amazon]]>
              </value>
            </param>
          </params>
          <reporter-output>
          </reporter-output>
        </test-method> <!-- test -->
        <test-method status="PASS" signature="test(java.lang.String,java.lang.String)[pri:0, instance:Testing.ParameterBased.DataTest@59e5ddf]" name="test" duration-ms="19307" started-at="2022-03-24T15:50:14 IST" data-provider="dp" finished-at="2022-03-24T15:50:33 IST">
          <params>
            <param index="0">
              <value>
                <![CDATA[https://www.google.co.in/]]>
              </value>
            </param>
            <param index="1">
              <value>
                <![CDATA[simplilearn]]>
              </value>
            </param>
          </params>
          <reporter-output>
          </reporter-output>
        </test-method> <!-- test -->
      </class> <!-- Testing.ParameterBased.DataTest -->
    </test> <!-- Default test -->
  </suite> <!-- Default suite -->
</testng-results>
