<?xml version="1.0" encoding="UTF-8"?>
<testng-results ignored="0" total="3" passed="2" failed="1" skipped="0">
  <reporter-output>
  </reporter-output>
  <suite started-at="2022-03-10T17:00:39 IST" name="Default suite" finished-at="2022-03-10T17:00:39 IST" duration-ms="55">
    <groups>
    </groups>
    <test started-at="2022-03-10T17:00:39 IST" name="Default test" finished-at="2022-03-10T17:00:39 IST" duration-ms="55">
      <class name="com.Testng.phase5.Registration_Form_Automation.RegistrationFormTest">
        <test-method is-config="true" signature="beforeSuite()[pri:0, instance:com.Testng.phase5.Registration_Form_Automation.RegistrationFormTest@56cdfb3b]" started-at="2022-03-10T17:00:39 IST" name="beforeSuite" finished-at="2022-03-10T17:00:39 IST" duration-ms="8" status="PASS">
          <reporter-output>
          </reporter-output>
        </test-method> <!-- beforeSuite -->
        <test-method is-config="true" signature="beforeTest()[pri:0, instance:com.Testng.phase5.Registration_Form_Automation.RegistrationFormTest@56cdfb3b]" started-at="2022-03-10T17:00:39 IST" name="beforeTest" finished-at="2022-03-10T17:00:39 IST" duration-ms="0" status="PASS">
          <reporter-output>
          </reporter-output>
        </test-method> <!-- beforeTest -->
        <test-method is-config="true" signature="beforeClass()[pri:0, instance:com.Testng.phase5.Registration_Form_Automation.RegistrationFormTest@56cdfb3b]" started-at="2022-03-10T17:00:39 IST" name="beforeClass" finished-at="2022-03-10T17:00:39 IST" duration-ms="0" status="PASS">
          <reporter-output>
          </reporter-output>
        </test-method> <!-- beforeClass -->
        <test-method is-config="true" signature="beforeMethod()[pri:0, instance:com.Testng.phase5.Registration_Form_Automation.RegistrationFormTest@56cdfb3b]" started-at="2022-03-10T17:00:39 IST" name="beforeMethod" finished-at="2022-03-10T17:00:39 IST" duration-ms="1" status="PASS">
          <reporter-output>
          </reporter-output>
        </test-method> <!-- beforeMethod -->
        <test-method signature="f(java.lang.Integer,java.lang.String)[pri:0, instance:com.Testng.phase5.Registration_Form_Automation.RegistrationFormTest@56cdfb3b]" started-at="2022-03-10T17:00:39 IST" name="f" data-provider="dp" finished-at="2022-03-10T17:00:39 IST" duration-ms="5" status="PASS">
          <params>
            <param index="0">
              <value>
                <![CDATA[1]]>
              </value>
            </param>
            <param index="1">
              <value>
                <![CDATA[a]]>
              </value>
            </param>
          </params>
          <reporter-output>
          </reporter-output>
        </test-method> <!-- f -->
        <test-method is-config="true" signature="afterMethod()[pri:0, instance:com.Testng.phase5.Registration_Form_Automation.RegistrationFormTest@56cdfb3b]" started-at="2022-03-10T17:00:39 IST" name="afterMethod" finished-at="2022-03-10T17:00:39 IST" duration-ms="0" status="PASS">
          <reporter-output>
          </reporter-output>
        </test-method> <!-- afterMethod -->
        <test-method is-config="true" signature="beforeMethod()[pri:0, instance:com.Testng.phase5.Registration_Form_Automation.RegistrationFormTest@56cdfb3b]" started-at="2022-03-10T17:00:39 IST" name="beforeMethod" finished-at="2022-03-10T17:00:39 IST" duration-ms="1" status="PASS">
          <reporter-output>
          </reporter-output>
        </test-method> <!-- beforeMethod -->
        <test-method signature="f(java.lang.Integer,java.lang.String)[pri:0, instance:com.Testng.phase5.Registration_Form_Automation.RegistrationFormTest@56cdfb3b]" started-at="2022-03-10T17:00:39 IST" name="f" data-provider="dp" finished-at="2022-03-10T17:00:39 IST" duration-ms="1" status="PASS">
          <params>
            <param index="0">
              <value>
                <![CDATA[2]]>
              </value>
            </param>
            <param index="1">
              <value>
                <![CDATA[b]]>
              </value>
            </param>
          </params>
          <reporter-output>
          </reporter-output>
        </test-method> <!-- f -->
        <test-method is-config="true" signature="afterMethod()[pri:0, instance:com.Testng.phase5.Registration_Form_Automation.RegistrationFormTest@56cdfb3b]" started-at="2022-03-10T17:00:39 IST" name="afterMethod" finished-at="2022-03-10T17:00:39 IST" duration-ms="0" status="PASS">
          <reporter-output>
          </reporter-output>
        </test-method> <!-- afterMethod -->
        <test-method signature="invokeBrowserTest()[pri:0, instance:com.Testng.phase5.Registration_Form_Automation.RegistrationFormTest@56cdfb3b]" started-at="2022-03-10T17:00:39 IST" name="invokeBrowserTest" finished-at="2022-03-10T17:00:39 IST" duration-ms="1" status="FAIL">
          <exception class="java.lang.RuntimeException">
            <message>
              <![CDATA[Test not implemented]]>
            </message>
            <full-stacktrace>
              <![CDATA[java.lang.RuntimeException: Test not implemented
at com.Testng.phase5.Registration_Form_Automation.RegistrationFormTest.invokeBrowserTest(RegistrationFormTest.java:61)
at java.base/jdk.internal.reflect.NativeMethodAccessorImpl.invoke0(Native Method)
at java.base/jdk.internal.reflect.NativeMethodAccessorImpl.invoke(NativeMethodAccessorImpl.java:64)
at java.base/jdk.internal.reflect.DelegatingMethodAccessorImpl.invoke(DelegatingMethodAccessorImpl.java:43)
at java.base/java.lang.reflect.Method.invoke(Method.java:564)
at org.testng.internal.MethodInvocationHelper.invokeMethod(MethodInvocationHelper.java:133)
at org.testng.internal.TestInvoker.invokeMethod(TestInvoker.java:598)
at org.testng.internal.TestInvoker.invokeTestMethod(TestInvoker.java:173)
at org.testng.internal.MethodRunner.runInSequence(MethodRunner.java:46)
at org.testng.internal.TestInvoker$MethodInvocationAgent.invoke(TestInvoker.java:824)
at org.testng.internal.TestInvoker.invokeTestMethods(TestInvoker.java:146)
at org.testng.internal.TestMethodWorker.invokeTestMethods(TestMethodWorker.java:146)
at org.testng.internal.TestMethodWorker.run(TestMethodWorker.java:128)
at java.base/java.util.ArrayList.forEach(ArrayList.java:1511)
at org.testng.TestRunner.privateRun(TestRunner.java:794)
at org.testng.TestRunner.run(TestRunner.java:596)
at org.testng.SuiteRunner.runTest(SuiteRunner.java:377)
at org.testng.SuiteRunner.runSequentially(SuiteRunner.java:371)
at org.testng.SuiteRunner.privateRun(SuiteRunner.java:332)
at org.testng.SuiteRunner.run(SuiteRunner.java:276)
at org.testng.SuiteRunnerWorker.runSuite(SuiteRunnerWorker.java:53)
at org.testng.SuiteRunnerWorker.run(SuiteRunnerWorker.java:96)
at org.testng.TestNG.runSuitesSequentially(TestNG.java:1212)
at org.testng.TestNG.runSuitesLocally(TestNG.java:1134)
at org.testng.TestNG.runSuites(TestNG.java:1063)
at org.testng.TestNG.run(TestNG.java:1031)
at org.testng.remote.AbstractRemoteTestNG.run(AbstractRemoteTestNG.java:115)
at org.testng.remote.RemoteTestNG.initAndRun(RemoteTestNG.java:251)
at org.testng.remote.RemoteTestNG.main(RemoteTestNG.java:77)
]]>
            </full-stacktrace>
          </exception> <!-- java.lang.RuntimeException -->
          <reporter-output>
          </reporter-output>
        </test-method> <!-- invokeBrowserTest -->
        <test-method is-config="true" signature="beforeMethod()[pri:0, instance:com.Testng.phase5.Registration_Form_Automation.RegistrationFormTest@56cdfb3b]" started-at="2022-03-10T17:00:39 IST" name="beforeMethod" finished-at="2022-03-10T17:00:39 IST" duration-ms="0" status="PASS">
          <reporter-output>
          </reporter-output>
        </test-method> <!-- beforeMethod -->
        <test-method is-config="true" signature="afterMethod()[pri:0, instance:com.Testng.phase5.Registration_Form_Automation.RegistrationFormTest@56cdfb3b]" started-at="2022-03-10T17:00:39 IST" name="afterMethod" finished-at="2022-03-10T17:00:39 IST" duration-ms="0" status="PASS">
          <reporter-output>
          </reporter-output>
        </test-method> <!-- afterMethod -->
        <test-method is-config="true" signature="afterClass()[pri:0, instance:com.Testng.phase5.Registration_Form_Automation.RegistrationFormTest@56cdfb3b]" started-at="2022-03-10T17:00:39 IST" name="afterClass" finished-at="2022-03-10T17:00:39 IST" duration-ms="0" status="PASS">
          <reporter-output>
          </reporter-output>
        </test-method> <!-- afterClass -->
        <test-method is-config="true" signature="afterTest()[pri:0, instance:com.Testng.phase5.Registration_Form_Automation.RegistrationFormTest@56cdfb3b]" started-at="2022-03-10T17:00:39 IST" name="afterTest" finished-at="2022-03-10T17:00:39 IST" duration-ms="1" status="PASS">
          <reporter-output>
          </reporter-output>
        </test-method> <!-- afterTest -->
        <test-method is-config="true" signature="afterSuite()[pri:0, instance:com.Testng.phase5.Registration_Form_Automation.RegistrationFormTest@56cdfb3b]" started-at="2022-03-10T17:00:40 IST" name="afterSuite" finished-at="2022-03-10T17:00:40 IST" duration-ms="1" status="PASS">
          <reporter-output>
          </reporter-output>
        </test-method> <!-- afterSuite -->
      </class> <!-- com.Testng.phase5.Registration_Form_Automation.RegistrationFormTest -->
    </test> <!-- Default test -->
  </suite> <!-- Default suite -->
</testng-results>
