<?xml version="1.0" encoding="UTF-8"?>
<!-- Generated by org.testng.reporters.JUnitXMLReporter -->
<testsuite hostname="DESKTOP-LESN69K" ignored="1" name="Test2" tests="1" failures="0" timestamp="2022-03-24T15:48:24 IST" time="0.094" errors="0">
  <testcase name="@BeforeTest inti" time="0.001" classname="Testing.ParameterBased.NewTest">
    <failure type="java.lang.NullPointerException">
      <![CDATA[java.lang.NullPointerException
at Testing.ParameterBased.NewTest.inti(NewTest.java:30)
... Removed 24 stack frames]]>
    </failure>
  </testcase> <!-- @BeforeTest inti -->
  <testcase name="@AfterTest closing" time="-1.648117104859E9" classname="Testing.ParameterBased.NewTest">
    <skipped/>
  </testcase> <!-- @AfterTest closing -->
  <testcase name="test2" time="0.0" classname="Testing.ParameterBased.NewTest">
    <skipped/>
  </testcase> <!-- test2 -->
  <testcase name="test1" time="0.0" classname="Testing.ParameterBased.NewTest">
    <ignored/>
  </testcase> <!-- test1 -->
</testsuite> <!-- Test2 -->
